WARNING:root:09/17/20 19:47:59 logging started
WARNING:root:09/17/20 13:48:32 bought AMD  50.0 shares, portfolio value 98867.59
WARNING:root:09/17/20 13:49:04 bought UAL  50.0 shares, portfolio value 98866.09
WARNING:root:09/17/20 13:49:04 bought AMD  50.0 shares, portfolio value 98866.09
WARNING:root:09/17/20 13:49:04 bought TSLA  10.0 shares, portfolio value 98866.59
WARNING:root:09/17/20 13:49:36 bought UAL  50.0 shares, portfolio value 98864.29
WARNING:root:09/17/20 13:49:36 bought AMD  50.0 shares, portfolio value 98865.29
WARNING:root:09/17/20 13:49:37 bought TSLA  10.0 shares, portfolio value 98862.89
WARNING:root:09/17/20 13:50:09 bought UAL  50.0 shares, portfolio value 98857.69
WARNING:root:09/17/20 13:50:09 bought AMD  50.0 shares, portfolio value 98852.59
WARNING:root:09/17/20 13:50:10 bought TSLA  10.0 shares, portfolio value 98855.79
WARNING:root:09/17/20 13:50:41 bought UAL  50.0 shares, portfolio value 98828.69
WARNING:root:09/17/20 13:50:41 bought AMD  50.0 shares, portfolio value 98828.19
WARNING:root:09/17/20 13:50:42 bought TSLA  10.0 shares, portfolio value 98823.19
WARNING:root:09/17/20 13:51:14 bought UAL  50.0 shares, portfolio value 98755.39
WARNING:root:09/17/20 13:51:14 sold AMD  -250.0 $$$ shares, portfolio value 98764.99
WARNING:root:09/17/20 13:51:15 bought TSLA  10.0 shares, portfolio value 98761.69
WARNING:root:09/17/20 13:51:46 bought UAL  50.0 shares, portfolio value 98743.29
WARNING:root:09/17/20 13:51:46 bought TSLA  10.0 shares, portfolio value 98735.69
WARNING:root:09/17/20 13:52:18 bought UAL  50.0 shares, portfolio value 98702.19
WARNING:root:09/17/20 13:52:18 sold TSLA  -60.0 $$$ shares, portfolio value 98702.19
WARNING:root:09/17/20 13:52:50 bought UAL  50.0 shares, portfolio value 98717.19
WARNING:root:09/17/20 13:53:21 bought UAL  50.0 shares, portfolio value 98720.69
WARNING:root:09/17/20 13:53:53 bought UAL  50.0 shares, portfolio value 98711.19
